[2026-03-30T08:39:24.551Z] GET https://github.com/garrytan/gstack → 200 (107ms, 481156B)
[2026-03-30T08:39:24.670Z] GET https://github.githubassets.com/assets/light-0c8222dcd7a4f9b7.css → 200 (55ms, 76775B)
[2026-03-30T08:39:24.670Z] GET https://github.githubassets.com/assets/light_high_contrast-51c0c6e0c085cc0f.css → 200 (55ms, 77397B)
[2026-03-30T08:39:24.670Z] GET https://github.githubassets.com/assets/dark-fc6eec18532c3ae0.css → 200 (60ms, 76607B)
[2026-03-30T08:39:24.670Z] GET https://github.githubassets.com/assets/dark_high_contrast-96d7b2bab5a6ae4e.css → 200 (60ms, 77291B)
[2026-03-30T08:39:24.670Z] GET https://github.githubassets.com/assets/primer-primitives-10bf9dd67e3d70bd.css → 200 (60ms, 10084B)
[2026-03-30T08:39:24.670Z] GET https://github.githubassets.com/assets/primer-0fcd9af82350aeda.css → 200 (60ms, 412867B)
[2026-03-30T08:39:24.670Z] GET https://github.githubassets.com/assets/global-a40b6ece39d70d4a.css → 200 (68ms, 296195B)
[2026-03-30T08:39:24.670Z] GET https://github.githubassets.com/assets/github-b02a278369fa132e.css → 200 (68ms, 155945B)
[2026-03-30T08:39:24.670Z] GET https://github.githubassets.com/assets/repository-6ec84ae2261fecf8.css → 200 (68ms, 31098B)
[2026-03-30T08:39:24.670Z] GET https://github.githubassets.com/assets/code-2d31826944fd3be8.css → 200 (67ms, 32359B)
[2026-03-30T08:39:24.670Z] GET https://github.githubassets.com/assets/high-contrast-cookie-6d9b25bb81324e28.js → 200 (68ms, 1298B)
[2026-03-30T08:39:24.670Z] GET https://github.githubassets.com/assets/wp-runtime-8998037031132598.js → 200 (203ms, 49270B)
[2026-03-30T08:39:24.670Z] GET https://github.githubassets.com/assets/85924-d72bd3bf2ebf2b33.js → 200 (203ms, 13478B)
[2026-03-30T08:39:24.670Z] GET https://github.githubassets.com/assets/28839-c0b8ec9e4855e70d.js → 200 (203ms, 19840B)
[2026-03-30T08:39:24.671Z] GET https://github.githubassets.com/assets/34646-e2c38a6244e0673e.js → 200 (201ms, 16465B)
[2026-03-30T08:39:24.671Z] GET https://github.githubassets.com/assets/environment-d9bacfd0e507cc58.js → 200 (215ms, 21318B)
[2026-03-30T08:39:24.671Z] GET https://github.githubassets.com/assets/runtime-helpers-9ca289a20b4287f3.js → 200 (214ms, 2747B)
[2026-03-30T08:39:24.671Z] GET https://github.githubassets.com/assets/2966-7fae197fcc122033.js → 200 (227ms, 20271B)
[2026-03-30T08:39:24.671Z] GET https://github.githubassets.com/assets/96232-81264b2e484eeea3.js → 200 (227ms, 9644B)
[2026-03-30T08:39:24.671Z] GET https://github.githubassets.com/assets/41013-98ec62b138074b3c.js → 200 (234ms, 17172B)
[2026-03-30T08:39:24.671Z] GET https://github.githubassets.com/assets/51210-4f6b60f1e56caf0b.js → 200 (234ms, 14054B)
[2026-03-30T08:39:24.671Z] GET https://github.githubassets.com/assets/77313-833d857459e22419.js → 200 (235ms, 13870B)
[2026-03-30T08:39:24.671Z] GET https://github.githubassets.com/assets/23039-9d3ed8a305267b36.js → 200 (227ms, 8669B)
[2026-03-30T08:39:24.671Z] GET https://github.githubassets.com/assets/8601-bd8c9578beeca5fa.js → 200 (237ms, 129870B)
[2026-03-30T08:39:24.671Z] GET https://github.githubassets.com/assets/46740-6ff37d25440dfd5f.js → 200 (227ms, 12299B)
[2026-03-30T08:39:24.671Z] GET https://github.githubassets.com/assets/52375-7184639d75711668.js → 200 (231ms, 47864B)
[2026-03-30T08:39:24.671Z] GET https://github.githubassets.com/assets/github-elements-17007c6e1a0ff4e7.js → 200 (235ms, 31443B)
[2026-03-30T08:39:24.671Z] GET https://github.githubassets.com/assets/element-registry-5f4abe046acca2dc.js → 200 (235ms, 78051B)
[2026-03-30T08:39:24.671Z] GET https://github.githubassets.com/assets/react-core-eff3f3e27186f71c.js → 200 (307ms, 186628B)
[2026-03-30T08:39:24.671Z] GET https://github.githubassets.com/assets/react-lib-3f8a185bb97e4f4c.js → 200 (310ms, 382393B)
[2026-03-30T08:39:24.672Z] GET https://github.githubassets.com/assets/7053-9ff0fc016f8d6134.js → 200 (235ms, 8765B)
[2026-03-30T08:39:24.672Z] GET https://github.githubassets.com/assets/79039-13dc534ba9c6a63e.js → 200 (236ms, 16523B)
[2026-03-30T08:39:24.672Z] GET https://github.githubassets.com/assets/61110-91a6e672e6c52371.js → 200 (235ms, 10000B)
[2026-03-30T08:39:24.672Z] GET https://github.githubassets.com/assets/2887-7374f895742e2de6.js → 200 (229ms, 4926B)
[2026-03-30T08:39:24.672Z] GET https://github.githubassets.com/assets/26533-be3434b1ad736595.js → 200 (249ms, 74988B)
[2026-03-30T08:39:24.672Z] GET https://github.githubassets.com/assets/97745-17bf40209ad1b441.js → 200 (231ms, 29903B)
[2026-03-30T08:39:24.672Z] GET https://github.githubassets.com/assets/89155-cd29998a39b55887.js → 200 (231ms, 13249B)
[2026-03-30T08:39:24.672Z] GET https://github.githubassets.com/assets/50686-203ca12c697307e6.js → 200 (236ms, 8792B)
[2026-03-30T08:39:24.672Z] GET https://github.githubassets.com/assets/46779-a5e6403e1f8c73d8.js → 200 (231ms, 36666B)
[2026-03-30T08:39:24.672Z] GET https://github.githubassets.com/assets/46287-4caff6a8b1d9f9be.js → 200 (236ms, 36728B)
[2026-03-30T08:39:24.672Z] GET https://github.githubassets.com/assets/2498-97555f2269e8a9bd.js → 200 (249ms, 9131B)
[2026-03-30T08:39:24.672Z] GET https://github.githubassets.com/assets/1108-d04e2e16dc98da37.js → 200 (307ms, 29246B)
[2026-03-30T08:39:24.672Z] GET https://github.githubassets.com/assets/18597-6dc8f1f774696932.js → 200 (307ms, 15863B)
[2026-03-30T08:39:24.672Z] GET https://github.githubassets.com/assets/15625-05373890466bf366.js → 200 (306ms, 11790B)
[2026-03-30T08:39:24.672Z] GET https://github.githubassets.com/assets/48527-5de266b1da5c2e34.js → 200 (306ms, 7750B)
[2026-03-30T08:39:24.672Z] GET https://github.githubassets.com/assets/28703-c1456f1aa61b245d.js → 200 (307ms, 9832B)
[2026-03-30T08:39:24.672Z] GET https://github.githubassets.com/assets/99328-91354dc331fd4cdd.js → 200 (307ms, 7210B)
[2026-03-30T08:39:24.672Z] GET https://github.githubassets.com/assets/37943-3c619d65dd869b67.js → 200 (307ms, 50113B)
[2026-03-30T08:39:24.672Z] GET https://github.githubassets.com/assets/91184-657c34dc2b380c4c.js → 200 (231ms, 14630B)
[2026-03-30T08:39:24.672Z] GET https://github.githubassets.com/assets/97232-829cc8b566d31458.js → 200 (308ms, 9745B)
[2026-03-30T08:39:24.672Z] GET https://github.githubassets.com/assets/87774-cb19ae155ee3c918.js → 200 (309ms, 9394B)
[2026-03-30T08:39:24.672Z] GET https://github.githubassets.com/assets/27493-4c94010ef4ae1e22.js → 200 (231ms, 14543B)
[2026-03-30T08:39:24.672Z] GET https://github.githubassets.com/assets/56889-3812304955862655.js → 200 (309ms, 12490B)
[2026-03-30T08:39:24.672Z] GET https://github.githubassets.com/assets/2013-126bbbb468be7e3b.js → 200 (232ms, 10467B)
[2026-03-30T08:39:24.672Z] GET https://github.githubassets.com/assets/81564-fd44bec50cee3386.js → 200 (309ms, 7439B)
[2026-03-30T08:39:24.672Z] GET https://github.githubassets.com/assets/behaviors-e6ee0d9220c00fe9.js → 200 (310ms, 91070B)
[2026-03-30T08:39:24.672Z] GET https://github.githubassets.com/assets/react-core.364eade98ee7744f.module.css → 200 (66ms, 446B)
[2026-03-30T08:39:24.673Z] GET https://github.githubassets.com/assets/81863-518132d704f3d667.js → 200 (308ms, 11449B)
[2026-03-30T08:39:24.673Z] GET https://github.githubassets.com/assets/notifications-global-f520baa344c4ccaf.js → 200 (231ms, 11710B)
[2026-03-30T08:39:24.673Z] GET https://github.githubassets.com/assets/19262-4c3b05232fb597c5.js → 200 (308ms, 14796B)
[2026-03-30T08:39:24.673Z] GET https://github.githubassets.com/assets/13284-ce7ca1ab392505b9.js → 200 (231ms, 9870B)
[2026-03-30T08:39:24.673Z] GET https://github.githubassets.com/assets/19930-5c005d8c44bf85a0.js → 200 (231ms, 10924B)
[2026-03-30T08:39:24.673Z] GET https://github.githubassets.com/assets/codespaces-39bc48ac6d5dd306.js → 200 (231ms, 19824B)
[2026-03-30T08:39:24.673Z] GET https://github.githubassets.com/assets/42890-126b39498dc2a1cb.js → 200 (308ms, 16177B)
[2026-03-30T08:39:24.673Z] GET https://github.githubassets.com/assets/70206-8ad353124c962a56.js → 200 (309ms, 14143B)
[2026-03-30T08:39:24.673Z] GET https://github.githubassets.com/assets/repositories-a9837b55b984b2ad.js → 200 (362ms, 44315B)
[2026-03-30T08:39:24.673Z] GET https://github.githubassets.com/assets/34140-23b7e387fad525e7.js → 200 (362ms, 9408B)
[2026-03-30T08:39:24.673Z] GET https://github.githubassets.com/assets/code-menu-967536ac6b424d39.js → 200 (362ms, 5807B)
[2026-03-30T08:39:24.673Z] GET https://github.githubassets.com/assets/primer-react-49d0d59066dc96d1.js → 200 (370ms, 642383B)
[2026-03-30T08:39:24.673Z] GET https://github.githubassets.com/assets/octicons-react-ca419a820093f0c2.js → 200 (371ms, 431059B)
[2026-03-30T08:39:24.673Z] GET https://github.githubassets.com/assets/82920-dc06a067ce609d1d.js → 200 (369ms, 40966B)
[2026-03-30T08:39:24.673Z] GET https://github.githubassets.com/assets/37869-a6edd40fc0f7a5b7.js → 200 (369ms, 32187B)
[2026-03-30T08:39:24.673Z] GET https://github.githubassets.com/assets/68751-dc22dc5f8bf5a264.js → 200 (369ms, 11906B)
[2026-03-30T08:39:24.673Z] GET https://github.githubassets.com/assets/7463-99acaf07f7d6502a.js → 200 (369ms, 22453B)
[2026-03-30T08:39:24.673Z] GET https://github.githubassets.com/assets/15272-ad5fb8cca4dc4180.js → 200 (369ms, 9690B)
[2026-03-30T08:39:24.673Z] GET https://github.githubassets.com/assets/32769-5b6132406b21f557.js → 200 (369ms, 6573B)
[2026-03-30T08:39:24.673Z] GET https://github.githubassets.com/assets/91498-79905c6495061831.js → 200 (374ms, 140686B)
[2026-03-30T08:39:24.673Z] GET https://github.githubassets.com/assets/50938-14e2342a61983e31.js → 200 (369ms, 10950B)
[2026-03-30T08:39:24.673Z] GET https://github.githubassets.com/assets/13220-130b6ffd242c3cfe.js → 200 (370ms, 11626B)
[2026-03-30T08:39:24.673Z] GET https://github.githubassets.com/assets/76707-4162f37ba2ea87f0.js → 200 (370ms, 7842B)
[2026-03-30T08:39:24.673Z] GET https://github.githubassets.com/assets/90255-d17e0fa6c678f732.js → 200 (370ms, 5852B)
[2026-03-30T08:39:24.673Z] GET https://github.githubassets.com/assets/63991-e25341ef4598af2e.js → 200 (370ms, 7333B)
[2026-03-30T08:39:24.673Z] GET https://github.githubassets.com/assets/5478-be6668559cef13dd.js → 200 (370ms, 8396B)
[2026-03-30T08:39:24.673Z] GET https://github.githubassets.com/assets/73022-d5bf08ede6053fec.js → 200 (370ms, 28112B)
[2026-03-30T08:39:24.673Z] GET https://github.githubassets.com/assets/3624-354b1a34523760ac.js → 200 (371ms, 26098B)
[2026-03-30T08:39:24.673Z] GET https://github.githubassets.com/assets/66231-90a11d7658c3832a.js → 200 (371ms, 17307B)
[2026-03-30T08:39:24.673Z] GET https://github.githubassets.com/assets/36600-cf085c136387bf33.js → 200 (372ms, 33273B)
[2026-03-30T08:39:24.673Z] GET https://github.githubassets.com/assets/18222-4323474564e5aecc.js → 200 (374ms, 54942B)
[2026-03-30T08:39:24.673Z] GET https://github.githubassets.com/assets/4916-4cfd8dd432dcda55.js → 200 (371ms, 5354B)
[2026-03-30T08:39:24.673Z] GET https://github.githubassets.com/assets/24787-1e80460305bfacf6.js → 200 (371ms, 9489B)
[2026-03-30T08:39:24.673Z] GET https://github.githubassets.com/assets/17363-4f4436e161accb3b.js → 200 (372ms, 14710B)
[2026-03-30T08:39:24.674Z] GET https://github.githubassets.com/assets/1097-53c0518f93b2279f.js → 200 (371ms, 16816B)
[2026-03-30T08:39:24.676Z] GET https://github.githubassets.com/assets/13333-e757dcf2a85f7470.js → 200 (369ms, 13038B)
[2026-03-30T08:39:24.676Z] GET https://github.githubassets.com/assets/73061-5015907614c92371.js → 200 (370ms, 25027B)
[2026-03-30T08:39:24.676Z] GET https://github.githubassets.com/assets/32999-1c9f470712601c9e.js → 200 (370ms, 14245B)
[2026-03-30T08:39:24.676Z] GET https://github.githubassets.com/assets/20201-94a027eac40ef4a9.js → 200 (370ms, 22031B)
[2026-03-30T08:39:24.676Z] GET https://github.githubassets.com/assets/65573-7c9c3cc68ec0eb12.js → 200 (370ms, 7488B)
[2026-03-30T08:39:24.676Z] GET https://github.githubassets.com/assets/28599-e61e51a1696740ab.js → 200 (370ms, 12975B)
[2026-03-30T08:39:24.676Z] GET https://github.githubassets.com/assets/49972-75e32f17cfa68bd1.js → 200 (371ms, 14301B)
[2026-03-30T08:39:24.676Z] GET https://github.githubassets.com/assets/96043-5a2ca48072155e28.js → 200 (372ms, 76468B)
[2026-03-30T08:39:24.676Z] GET https://github.githubassets.com/assets/96306-9be591ee0e419d2e.js → 200 (371ms, 33127B)
[2026-03-30T08:39:24.676Z] GET https://github.githubassets.com/assets/26497-5815c1ce9a63d716.js → 200 (373ms, 92733B)
[2026-03-30T08:39:24.676Z] GET https://github.githubassets.com/assets/66205-b737eb30140ad669.js → 200 (372ms, 58744B)
[2026-03-30T08:39:24.676Z] GET https://github.githubassets.com/assets/2758-1289ff00c5943402.js → 200 (371ms, 13819B)
[2026-03-30T08:39:24.676Z] GET https://github.githubassets.com/assets/43690-b1461038aad8dd0e.js → 200 (373ms, 243897B)
[2026-03-30T08:39:24.676Z] GET https://github.githubassets.com/assets/code-view-d603028d70ed8c2b.js → 200 (373ms, 101030B)
[2026-03-30T08:39:24.677Z] GET https://github.githubassets.com/assets/primer-react-css.da05312be74eac16.module.css → 200 (53ms, 276091B)
[2026-03-30T08:39:24.677Z] GET https://github.githubassets.com/assets/96043.a4311aaf5caadfff.module.css → 200 (52ms, 16002B)
[2026-03-30T08:39:24.677Z] GET https://github.githubassets.com/assets/66205.b5045207bd90f6b9.module.css → 200 (53ms, 12222B)
[2026-03-30T08:39:24.677Z] GET https://github.githubassets.com/assets/43690.25c41f198610bad6.module.css → 200 (61ms, 55381B)
[2026-03-30T08:39:24.677Z] GET https://github.githubassets.com/assets/code-view.c4eb72defe48d8c4.module.css → 200 (61ms, 15744B)
[2026-03-30T08:39:24.677Z] GET https://github.githubassets.com/assets/75999-66911a4f8078f8d4.js → 200 (370ms, 17189B)
[2026-03-30T08:39:24.677Z] GET https://github.githubassets.com/assets/59852-29e3420959f94d67.js → 200 (370ms, 6842B)
[2026-03-30T08:39:24.678Z] GET https://github.githubassets.com/assets/78956-5698740e5c79c5a7.js → 200 (369ms, 13744B)
[2026-03-30T08:39:24.678Z] GET https://github.githubassets.com/assets/5289-4a32f44cef6e4684.js → 200 (370ms, 15631B)
[2026-03-30T08:39:24.678Z] GET https://github.githubassets.com/assets/18157-0cb9e716adcf86b5.js → 200 (370ms, 19976B)
[2026-03-30T08:39:24.678Z] GET https://github.githubassets.com/assets/notifications-subscriptions-menu-4874950c6c2906e3.js → 200 (370ms, 6687B)
[2026-03-30T08:39:24.678Z] GET https://github.githubassets.com/assets/notifications-subscriptions-menu.710847f5b3216d30.module.css → 200 (60ms, 2939B)
[2026-03-30T08:39:24.678Z] GET https://github.githubassets.com/assets/keyboard-shortcuts-dialog.76a47c12aca9fa78.module.css → 200 (60ms, 331B)
[2026-03-30T08:39:24.678Z] GET https://github.githubassets.com/assets/46752-06df1a7bce5e9ba9.js → 200 (371ms, 69802B)
[2026-03-30T08:39:24.678Z] GET https://github.githubassets.com/assets/86735-25b6ede3f731457a.js → 200 (371ms, 10384B)
[2026-03-30T08:39:24.678Z] GET https://github.githubassets.com/assets/sessions-90539e93104f869a.js → 200 (371ms, 16198B)
[2026-03-30T08:39:24.678Z] GET https://github.githubassets.com/assets/marketing-navigation.ede5f47322c3d22c.module.css → 200 (61ms, 10698B)
[2026-03-30T08:39:24.683Z] GET https://github.com/garrytan/gstack/raw/main/docs/images/github-2026.png → 302 (349ms, ?B)
[2026-03-30T08:39:24.683Z] GET https://github.com/garrytan/gstack/raw/main/docs/images/github-2013.png → 302 (350ms, ?B)
[2026-03-30T08:39:24.975Z] GET https://github.githubassets.com/assets/chunk-51591-375f71c67c905659.js → 200 (164ms, 17809B)
[2026-03-30T08:39:24.975Z] GET https://github.githubassets.com/assets/chunk-34877-417678a20c83a429.js → 200 (165ms, 834B)
[2026-03-30T08:39:24.975Z] GET https://github.githubassets.com/assets/chunk-36423-c84ccea2d788d8c1.js → 200 (165ms, 11321B)
[2026-03-30T08:39:24.976Z] GET https://github.githubassets.com/assets/62758-2c52ce561820e1db.js → 200 (164ms, 14675B)
[2026-03-30T08:39:24.976Z] GET https://github.githubassets.com/assets/chunk-82097-7fc857cb5424bc8b.js → 200 (164ms, 8846B)
[2026-03-30T08:39:24.976Z] GET https://github.githubassets.com/assets/2694-7845f874754220e5.js → 200 (164ms, 24012B)
[2026-03-30T08:39:24.976Z] GET https://github.githubassets.com/assets/chunk-41106-c8d8b147ae1e2eb6.js → 200 (164ms, 11975B)
[2026-03-30T08:39:24.976Z] GET https://github.githubassets.com/assets/chunk-2257-69c78a3207fa2a70.js → 200 (165ms, 55159B)
[2026-03-30T08:39:24.976Z] GET https://github.githubassets.com/assets/55077-d510c436181016ee.js → 200 (165ms, 32175B)
[2026-03-30T08:39:24.976Z] GET https://github.githubassets.com/assets/chunk-78326-f081de5f755d62a5.js → 200 (165ms, 365B)
[2026-03-30T08:39:24.976Z] GET https://github.githubassets.com/assets/chunk-50050-754d6e747d469bea.js → 200 (165ms, 682B)
[2026-03-30T08:39:24.977Z] GET https://github.githubassets.com/assets/chunk-59342-18a3b29ba59f4265.js → 200 (164ms, 652B)
[2026-03-30T08:39:24.977Z] GET https://github.githubassets.com/assets/chunk-54704-7c556a181ae89425.js → 200 (165ms, 7484B)
[2026-03-30T08:39:24.977Z] GET https://github.githubassets.com/assets/chunk-69038-33dbfd5d912595b3.js → 200 (164ms, 576B)
[2026-03-30T08:39:24.977Z] GET https://github.githubassets.com/assets/36469-ba19164162d5c300.js → 200 (165ms, 9889B)
[2026-03-30T08:39:24.977Z] GET https://github.githubassets.com/assets/64582-73ddf01db6471e7d.js → 200 (165ms, 10189B)
[2026-03-30T08:39:24.977Z] GET https://github.githubassets.com/assets/38963.f70dfea92b138b01.module.css → 200 (1ms, 311B)
[2026-03-30T08:39:24.977Z] GET https://github.githubassets.com/assets/71236-1e8b5578214f81f0.js → 200 (165ms, 11432B)
[2026-03-30T08:39:24.977Z] GET https://github.githubassets.com/assets/84500-a23775c1a21134ed.js → 200 (165ms, 84084B)
[2026-03-30T08:39:24.977Z] GET https://github.githubassets.com/assets/86361-514e0f60709bbb0a.js → 200 (165ms, 17907B)
[2026-03-30T08:39:24.977Z] GET https://github.githubassets.com/assets/70168.374ce4e648336309.module.css → 200 (1ms, 10683B)
[2026-03-30T08:39:24.982Z] GET https://github.com/garrytan/gstack/hovercards/citation/sidebar_partial?tree_name=main → 204 (375ms, ?B)
[2026-03-30T08:39:25.032Z] GET https://github.githubassets.com/assets/chunk-81053-c53044136fa4cdd9.js → 200 (113ms, 54149B)
[2026-03-30T08:39:25.032Z] GET https://raw.githubusercontent.com/garrytan/gstack/main/docs/images/github-2026.png → 200 (324ms, ?B)
[2026-03-30T08:39:25.033Z] GET https://raw.githubusercontent.com/garrytan/gstack/main/docs/images/github-2013.png → pending (?ms, ?B)
[2026-03-30T08:39:25.040Z] GET https://github.com/garrytan/gstack/packages_list?current_repository=gstack → pending (?ms, ?B)
[2026-03-30T08:39:25.040Z] GET https://github.com/garrytan/gstack/contributors_list?current_repository=gstack&deferred=true → 200 (371ms, ?B)
[2026-03-30T08:39:25.110Z] GET https://github.com/garrytan/gstack/latest-commit → pending (?ms, ?B)
[2026-03-30T08:39:25.110Z] GET https://github.com/garrytan/gstack/tree-commit-info → pending (?ms, ?B)
[2026-03-30T08:39:25.110Z] GET https://github.com/garrytan/gstack/recently-touched-branches → pending (?ms, ?B)
[2026-03-30T08:39:25.110Z] GET https://github.com/garrytan/gstack/branch-and-tag-count → pending (?ms, ?B)
[2026-03-30T08:39:25.130Z] GET https://github.githubassets.com/assets/chunk-46661-7ea70c431dcc3df8.js → 200 (30ms, 10224B)
[2026-03-30T08:39:25.209Z] GET https://github.com/garrytan/gstack/refs?type=branch → pending (?ms, ?B)
[2026-03-30T08:39:25.209Z] GET https://github.com/garrytan/gstack/overview-files/main → pending (?ms, ?B)
[2026-03-30T08:39:25.209Z] GET https://github.githubassets.com/assets/39007.5061415e86a5b611.module.css → 200 (32ms, 1687B)
[2026-03-30T08:39:25.209Z] GET https://github.githubassets.com/assets/chunk-39007-91034768f0643e8c.js → 200 (32ms, 3757B)
[2026-03-30T08:39:25.282Z] GET https://github.githubassets.com/assets/chunk-8206-6742cff71422573e.js → 200 (129ms, ?B)
[2026-03-30T08:39:25.282Z] GET https://github.githubassets.com/assets/appearance-settings.e36a2870affd85b8.module.css → 200 (129ms, ?B)
[2026-03-30T08:39:25.353Z] GET https://github.githubassets.com/assets/18647-3ce4ba5254e85153.js → pending (?ms, ?B)
[2026-03-30T08:39:25.353Z] GET https://github.githubassets.com/assets/37160-c025d41ddedcd39c.js → pending (?ms, ?B)
[2026-03-30T08:39:25.353Z] GET https://github.githubassets.com/assets/71849.38231ebf5311d902.module.css → pending (?ms, ?B)
[2026-03-30T08:39:25.376Z] GET https://github.githubassets.com/assets/61975.b129f60ae2849f5b.module.css → pending (?ms, ?B)
[2026-03-30T08:39:25.376Z] GET https://github.githubassets.com/assets/chunk-61975-cc49307716883fe5.js → pending (?ms, ?B)
[2026-03-30T08:39:25.483Z] GET https://avatars.githubusercontent.com/u/81847?s=64&v=4 → 200 (59ms, 2980B)
[2026-03-30T08:39:25.483Z] GET https://avatars.githubusercontent.com/u/19957?s=64&v=4 → 200 (58ms, 1499B)
[2026-03-30T08:39:25.483Z] GET https://avatars.githubusercontent.com/u/222980227?s=64&v=4 → 200 (59ms, 1855B)
[2026-03-30T08:39:25.483Z] GET https://avatars.githubusercontent.com/u/455140?s=64&v=4 → 200 (59ms, 1605B)
[2026-03-30T08:39:25.483Z] GET https://avatars.githubusercontent.com/u/114034?s=64&v=4 → 200 (58ms, 2053B)
[2026-03-30T08:39:25.483Z] GET https://avatars.githubusercontent.com/u/1500070?s=64&v=4 → 200 (59ms, 1346B)
[2026-03-30T08:39:25.483Z] GET https://avatars.githubusercontent.com/u/2343711?s=64&v=4 → 200 (59ms, 1649B)
[2026-03-30T08:39:25.483Z] GET https://avatars.githubusercontent.com/u/2564599?s=64&v=4 → 200 (59ms, 1470B)
[2026-03-30T08:39:25.483Z] GET https://avatars.githubusercontent.com/u/2814770?s=64&v=4 → 200 (60ms, 1320B)
[2026-03-30T08:39:25.483Z] GET https://avatars.githubusercontent.com/u/3155200?s=64&v=4 → 200 (60ms, 3023B)
[2026-03-30T08:39:25.483Z] GET https://avatars.githubusercontent.com/u/9165288?s=64&v=4 → 200 (60ms, 1520B)
[2026-03-30T08:39:25.483Z] GET https://avatars.githubusercontent.com/u/12148037?s=64&v=4 → 200 (60ms, 1795B)
[2026-03-30T08:39:25.483Z] GET https://avatars.githubusercontent.com/u/30928612?s=64&v=4 → 200 (60ms, 6639B)
[2026-03-30T08:39:25.483Z] GET https://avatars.githubusercontent.com/u/35063371?s=64&v=4 → 200 (60ms, 7815B)
[2026-03-30T08:39:25.541Z] GET https://avatars.githubusercontent.com/u/19957?v=4&size=40 → 200 (20ms, 1113B)
[2026-03-30T08:39:25.541Z] GET https://avatars.githubusercontent.com/u/81847?v=4&size=40 → 200 (20ms, 1783B)
[2026-03-30T08:39:25.656Z] POST https://collector.github.com/github/collect → pending (?ms, ?B)
[2026-03-30T08:39:25.664Z] POST https://api.github.com/_private/browser/stats → 200 (282ms, ?B)
[2026-03-30T08:39:25.665Z] POST https://collector.github.com/github/collect → pending (?ms, ?B)
[2026-03-30T08:39:30.668Z] POST https://collector.github.com/github/collect → 204 (489ms, ?B)
